

Started GET "/" for 127.0.0.1 at 2016-04-01 05:11:17 -0700

ActiveRecord::PendingMigrationError (

Migrations are pending. To resolve this issue, run:

	bin/rake db:migrate RAILS_ENV=development

):
  activerecord (4.1.1) lib/active_record/migration.rb:389:in `check_pending!'
  activerecord (4.1.1) lib/active_record/migration.rb:377:in `call'
  actionpack (4.1.1) lib/action_dispatch/middleware/callbacks.rb:29:in `block in call'
  activesupport (4.1.1) lib/active_support/callbacks.rb:82:in `run_callbacks'
  actionpack (4.1.1) lib/action_dispatch/middleware/callbacks.rb:27:in `call'
  actionpack (4.1.1) lib/action_dispatch/middleware/reloader.rb:73:in `call'
  actionpack (4.1.1) lib/action_dispatch/middleware/remote_ip.rb:76:in `call'
  actionpack (4.1.1) lib/action_dispatch/middleware/debug_exceptions.rb:17:in `call'
  actionpack (4.1.1) lib/action_dispatch/middleware/show_exceptions.rb:30:in `call'
  railties (4.1.1) lib/rails/rack/logger.rb:38:in `call_app'
  railties (4.1.1) lib/rails/rack/logger.rb:20:in `block in call'
  activesupport (4.1.1) lib/active_support/tagged_logging.rb:68:in `block in tagged'
  activesupport (4.1.1) lib/active_support/tagged_logging.rb:26:in `tagged'
  activesupport (4.1.1) lib/active_support/tagged_logging.rb:68:in `tagged'
  railties (4.1.1) lib/rails/rack/logger.rb:20:in `call'
  actionpack (4.1.1) lib/action_dispatch/middleware/request_id.rb:21:in `call'
  rack (1.5.2) lib/rack/methodoverride.rb:21:in `call'
  rack (1.5.2) lib/rack/runtime.rb:17:in `call'
  activesupport (4.1.1) lib/active_support/cache/strategy/local_cache_middleware.rb:26:in `call'
  rack (1.5.2) lib/rack/lock.rb:17:in `call'
  actionpack (4.1.1) lib/action_dispatch/middleware/static.rb:64:in `call'
  rack (1.5.2) lib/rack/sendfile.rb:112:in `call'
  railties (4.1.1) lib/rails/engine.rb:514:in `call'
  railties (4.1.1) lib/rails/application.rb:144:in `call'
  rack (1.5.2) lib/rack/content_length.rb:14:in `call'
  thin (1.6.2) lib/thin/connection.rb:86:in `block in pre_process'
  thin (1.6.2) lib/thin/connection.rb:84:in `catch'
  thin (1.6.2) lib/thin/connection.rb:84:in `pre_process'
  thin (1.6.2) lib/thin/connection.rb:53:in `process'
  thin (1.6.2) lib/thin/connection.rb:39:in `receive_data'
  eventmachine (1.0.3) lib/eventmachine.rb:187:in `run_machine'
  eventmachine (1.0.3) lib/eventmachine.rb:187:in `run'
  thin (1.6.2) lib/thin/backends/base.rb:73:in `start'
  thin (1.6.2) lib/thin/server.rb:162:in `start'
  rack (1.5.2) lib/rack/handler/thin.rb:16:in `run'
  rack (1.5.2) lib/rack/server.rb:264:in `start'
  railties (4.1.1) lib/rails/commands/server.rb:69:in `start'
  railties (4.1.1) lib/rails/commands/commands_tasks.rb:81:in `block in server'
  railties (4.1.1) lib/rails/commands/commands_tasks.rb:76:in `tap'
  railties (4.1.1) lib/rails/commands/commands_tasks.rb:76:in `server'
  railties (4.1.1) lib/rails/commands/commands_tasks.rb:40:in `run_command!'
  railties (4.1.1) lib/rails/commands.rb:17:in `<top (required)>'
  bin/rails:8:in `require'
  bin/rails:8:in `<top (required)>'
  spring (1.1.3) lib/spring/client/rails.rb:27:in `load'
  spring (1.1.3) lib/spring/client/rails.rb:27:in `call'
  spring (1.1.3) lib/spring/client/command.rb:7:in `call'
  spring (1.1.3) lib/spring/client.rb:26:in `run'
  spring (1.1.3) bin/spring:48:in `<top (required)>'
  spring (1.1.3) lib/spring/binstub.rb:11:in `load'
  spring (1.1.3) lib/spring/binstub.rb:11:in `<top (required)>'
  /System/Library/Frameworks/Ruby.framework/Versions/2.0/usr/lib/ruby/2.0.0/rubygems/core_ext/kernel_require.rb:55:in `require'
  /System/Library/Frameworks/Ruby.framework/Versions/2.0/usr/lib/ruby/2.0.0/rubygems/core_ext/kernel_require.rb:55:in `require'
  bin/spring:16:in `<top (required)>'
  bin/rails:3:in `load'
  bin/rails:3:in `<main>'


  Rendered /Library/Ruby/Gems/2.0.0/gems/actionpack-4.1.1/lib/action_dispatch/middleware/templates/rescues/_source.erb (0.8ms)
  Rendered /Library/Ruby/Gems/2.0.0/gems/actionpack-4.1.1/lib/action_dispatch/middleware/templates/rescues/_trace.html.erb (2.2ms)
  Rendered /Library/Ruby/Gems/2.0.0/gems/actionpack-4.1.1/lib/action_dispatch/middleware/templates/rescues/_request_and_response.html.erb (1.5ms)
  Rendered /Library/Ruby/Gems/2.0.0/gems/actionpack-4.1.1/lib/action_dispatch/middleware/templates/rescues/diagnostics.erb within rescues/layout (34.0ms)
  [1m[36m (1.1ms)[0m  [1mCREATE TABLE "schema_migrations" ("version" varchar(255) NOT NULL) [0m
  [1m[35m (0.5ms)[0m  select sqlite_version(*)
  [1m[36m (0.8ms)[0m  [1mCREATE UNIQUE INDEX "unique_schema_migrations" ON "schema_migrations" ("version")[0m
  [1m[35mActiveRecord::SchemaMigration Load (0.2ms)[0m  SELECT "schema_migrations".* FROM "schema_migrations"
Migrating to DeviseCreateUsers (20140730145303)
  [1m[36m (0.1ms)[0m  [1mbegin transaction[0m
  [1m[35m (0.5ms)[0m  CREATE TABLE "users" ("id" INTEGER PRIMARY KEY AUTOINCREMENT NOT NULL, "email" varchar(255) DEFAULT '' NOT NULL, "encrypted_password" varchar(255) DEFAULT '' NOT NULL, "reset_password_token" varchar(255), "reset_password_sent_at" datetime, "remember_created_at" datetime, "sign_in_count" integer DEFAULT 0 NOT NULL, "current_sign_in_at" datetime, "last_sign_in_at" datetime, "current_sign_in_ip" varchar(255), "last_sign_in_ip" varchar(255), "created_at" datetime, "updated_at" datetime) 
  [1m[36m (0.4ms)[0m  [1mCREATE UNIQUE INDEX "index_users_on_email" ON "users" ("email")[0m
  [1m[35m (0.2ms)[0m              SELECT sql
            FROM sqlite_master
            WHERE name='index_users_on_email' AND type='index'
            UNION ALL
            SELECT sql
            FROM sqlite_temp_master
            WHERE name='index_users_on_email' AND type='index'

  [1m[36m (0.3ms)[0m  [1mCREATE UNIQUE INDEX "index_users_on_reset_password_token" ON "users" ("reset_password_token")[0m
  [1m[35mSQL (0.3ms)[0m  INSERT INTO "schema_migrations" ("version") VALUES (?)  [["version", "20140730145303"]]
  [1m[36m (0.9ms)[0m  [1mcommit transaction[0m
Migrating to AddNameToUsers (20140730145345)
  [1m[35m (0.1ms)[0m  begin transaction
  [1m[36m (0.6ms)[0m  [1mALTER TABLE "users" ADD "name" varchar(255)[0m
  [1m[35mSQL (0.2ms)[0m  INSERT INTO "schema_migrations" ("version") VALUES (?)  [["version", "20140730145345"]]
  [1m[36m (3.4ms)[0m  [1mcommit transaction[0m
Migrating to CreateConversations (20140730173347)
  [1m[35m (0.1ms)[0m  begin transaction
  [1m[36m (0.5ms)[0m  [1mCREATE TABLE "conversations" ("id" INTEGER PRIMARY KEY AUTOINCREMENT NOT NULL, "sender_id" integer, "recipient_id" integer, "created_at" datetime, "updated_at" datetime) [0m
  [1m[35m (0.2ms)[0m  CREATE  INDEX "index_conversations_on_sender_id" ON "conversations" ("sender_id")
  [1m[36m (0.1ms)[0m  [1m            SELECT sql
            FROM sqlite_master
            WHERE name='index_conversations_on_sender_id' AND type='index'
            UNION ALL
            SELECT sql
            FROM sqlite_temp_master
            WHERE name='index_conversations_on_sender_id' AND type='index'
[0m
  [1m[35m (0.2ms)[0m  CREATE  INDEX "index_conversations_on_recipient_id" ON "conversations" ("recipient_id")
  [1m[36mSQL (0.2ms)[0m  [1mINSERT INTO "schema_migrations" ("version") VALUES (?)[0m  [["version", "20140730173347"]]
  [1m[35m (0.9ms)[0m  commit transaction
Migrating to CreateMessages (20140730185251)
  [1m[36m (0.1ms)[0m  [1mbegin transaction[0m
  [1m[35m (0.4ms)[0m  CREATE TABLE "messages" ("id" INTEGER PRIMARY KEY AUTOINCREMENT NOT NULL, "body" text, "conversation_id" integer, "user_id" integer, "created_at" datetime, "updated_at" datetime) 
  [1m[36m (0.1ms)[0m  [1mCREATE  INDEX "index_messages_on_conversation_id" ON "messages" ("conversation_id")[0m
  [1m[35m (0.1ms)[0m              SELECT sql
            FROM sqlite_master
            WHERE name='index_messages_on_conversation_id' AND type='index'
            UNION ALL
            SELECT sql
            FROM sqlite_temp_master
            WHERE name='index_messages_on_conversation_id' AND type='index'

  [1m[36m (0.1ms)[0m  [1mCREATE  INDEX "index_messages_on_user_id" ON "messages" ("user_id")[0m
  [1m[35mSQL (0.1ms)[0m  INSERT INTO "schema_migrations" ("version") VALUES (?)  [["version", "20140730185251"]]
  [1m[36m (0.7ms)[0m  [1mcommit transaction[0m
  [1m[35mActiveRecord::SchemaMigration Load (0.1ms)[0m  SELECT "schema_migrations".* FROM "schema_migrations"
  [1m[36m (0.2ms)[0m  [1m            SELECT sql
            FROM sqlite_master
            WHERE name='index_conversations_on_recipient_id' AND type='index'
            UNION ALL
            SELECT sql
            FROM sqlite_temp_master
            WHERE name='index_conversations_on_recipient_id' AND type='index'
[0m
  [1m[35m (0.1ms)[0m              SELECT sql
            FROM sqlite_master
            WHERE name='index_conversations_on_sender_id' AND type='index'
            UNION ALL
            SELECT sql
            FROM sqlite_temp_master
            WHERE name='index_conversations_on_sender_id' AND type='index'

  [1m[36m (0.1ms)[0m  [1m            SELECT sql
            FROM sqlite_master
            WHERE name='index_messages_on_user_id' AND type='index'
            UNION ALL
            SELECT sql
            FROM sqlite_temp_master
            WHERE name='index_messages_on_user_id' AND type='index'
[0m
  [1m[35m (0.1ms)[0m              SELECT sql
            FROM sqlite_master
            WHERE name='index_messages_on_conversation_id' AND type='index'
            UNION ALL
            SELECT sql
            FROM sqlite_temp_master
            WHERE name='index_messages_on_conversation_id' AND type='index'

  [1m[36m (0.1ms)[0m  [1m            SELECT sql
            FROM sqlite_master
            WHERE name='index_users_on_reset_password_token' AND type='index'
            UNION ALL
            SELECT sql
            FROM sqlite_temp_master
            WHERE name='index_users_on_reset_password_token' AND type='index'
[0m
  [1m[35m (0.1ms)[0m              SELECT sql
            FROM sqlite_master
            WHERE name='index_users_on_email' AND type='index'
            UNION ALL
            SELECT sql
            FROM sqlite_temp_master
            WHERE name='index_users_on_email' AND type='index'



Started GET "/" for 127.0.0.1 at 2016-04-01 05:12:24 -0700
  [1m[36mActiveRecord::SchemaMigration Load (0.2ms)[0m  [1mSELECT "schema_migrations".* FROM "schema_migrations"[0m
Processing by Devise::SessionsController#new as HTML
  Rendered devise/shared/_links.erb (2.0ms)
  Rendered devise/sessions/new.html.erb within layouts/application (68.3ms)
  Rendered layouts/_nav.html.erb (1.9ms)
Completed 200 OK in 1181ms (Views: 1164.4ms | ActiveRecord: 0.5ms)


Started GET "/assets/chat.css?body=1" for 127.0.0.1 at 2016-04-01 05:12:25 -0700


Started GET "/assets/conversations.css?body=1" for 127.0.0.1 at 2016-04-01 05:12:25 -0700


Started GET "/assets/messages.css?body=1" for 127.0.0.1 at 2016-04-01 05:12:25 -0700


Started GET "/assets/users.css?body=1" for 127.0.0.1 at 2016-04-01 05:12:25 -0700


Started GET "/assets/bootstrap.css?body=1" for 127.0.0.1 at 2016-04-01 05:12:25 -0700


Started GET "/assets/application.css?body=1" for 127.0.0.1 at 2016-04-01 05:12:25 -0700


Started POST "/users/sign_in" for 127.0.0.1 at 2016-04-01 05:12:37 -0700
Processing by Devise::SessionsController#create as HTML
  Parameters: {"utf8"=>"✓", "authenticity_token"=>"RO0g+PK2/kWpY/k7fLrT1ElXDXhCZh0zBPPOOdBY9PY=", "user"=>{"email"=>"hi@gklj.com", "password"=>"[FILTERED]", "remember_me"=>"0"}, "commit"=>"Sign in"}
  [1m[35mUser Load (0.3ms)[0m  SELECT  "users".* FROM "users"  WHERE "users"."email" = 'hi@gklj.com'  ORDER BY "users"."id" ASC LIMIT 1
Completed 401 Unauthorized in 8ms
Processing by Devise::SessionsController#new as HTML
  Parameters: {"utf8"=>"✓", "authenticity_token"=>"RO0g+PK2/kWpY/k7fLrT1ElXDXhCZh0zBPPOOdBY9PY=", "user"=>{"email"=>"hi@gklj.com", "password"=>"[FILTERED]", "remember_me"=>"0"}, "commit"=>"Sign in"}
  Rendered devise/shared/_links.erb (0.6ms)
  Rendered devise/sessions/new.html.erb within layouts/application (5.0ms)
  Rendered layouts/_nav.html.erb (0.4ms)
Completed 200 OK in 97ms (Views: 14.6ms | ActiveRecord: 0.0ms)


Started GET "/users/sign_up" for 127.0.0.1 at 2016-04-01 05:12:42 -0700
Processing by Devise::RegistrationsController#new as HTML
  Rendered devise/shared/_links.erb (0.5ms)
  Rendered devise/registrations/new.html.erb within layouts/application (5.3ms)
  Rendered layouts/_nav.html.erb (0.5ms)
Completed 200 OK in 21ms (Views: 19.4ms | ActiveRecord: 0.0ms)


Started POST "/users" for 127.0.0.1 at 2016-04-01 05:12:51 -0700
Processing by Devise::RegistrationsController#create as HTML
  Parameters: {"utf8"=>"✓", "authenticity_token"=>"RO0g+PK2/kWpY/k7fLrT1ElXDXhCZh0zBPPOOdBY9PY=", "user"=>{"name"=>"ok", "email"=>"ianfox41@gmail.com", "password"=>"[FILTERED]", "password_confirmation"=>"[FILTERED]"}, "commit"=>"Sign up"}
  [1m[36m (0.2ms)[0m  [1mbegin transaction[0m
  [1m[35mUser Exists (0.2ms)[0m  SELECT  1 AS one FROM "users"  WHERE "users"."email" = 'ianfox41@gmail.com' LIMIT 1
  [1m[36m (0.2ms)[0m  [1mrollback transaction[0m
  Rendered devise/shared/_links.erb (0.4ms)
  Rendered devise/registrations/new.html.erb within layouts/application (6.3ms)
  Rendered layouts/_nav.html.erb (1.1ms)
Completed 200 OK in 135ms (Views: 25.1ms | ActiveRecord: 0.7ms)


Started POST "/users" for 127.0.0.1 at 2016-04-01 05:12:56 -0700
Processing by Devise::RegistrationsController#create as HTML
  Parameters: {"utf8"=>"✓", "authenticity_token"=>"RO0g+PK2/kWpY/k7fLrT1ElXDXhCZh0zBPPOOdBY9PY=", "user"=>{"name"=>"ok", "email"=>"ianfox41@gmail.com", "password"=>"[FILTERED]", "password_confirmation"=>"[FILTERED]"}, "commit"=>"Sign up"}
  [1m[35m (0.1ms)[0m  begin transaction
  [1m[36mUser Exists (0.1ms)[0m  [1mSELECT  1 AS one FROM "users"  WHERE "users"."email" = 'ianfox41@gmail.com' LIMIT 1[0m
  [1m[35m (0.1ms)[0m  rollback transaction
  Rendered devise/shared/_links.erb (0.3ms)
  Rendered devise/registrations/new.html.erb within layouts/application (5.1ms)
  Rendered layouts/_nav.html.erb (0.7ms)
Completed 200 OK in 112ms (Views: 17.3ms | ActiveRecord: 0.3ms)


Started POST "/users" for 127.0.0.1 at 2016-04-01 05:13:06 -0700
Processing by Devise::RegistrationsController#create as HTML
  Parameters: {"utf8"=>"✓", "authenticity_token"=>"RO0g+PK2/kWpY/k7fLrT1ElXDXhCZh0zBPPOOdBY9PY=", "user"=>{"name"=>"ok", "email"=>"ianfox41@gmail.com", "password"=>"[FILTERED]", "password_confirmation"=>"[FILTERED]"}, "commit"=>"Sign up"}
  [1m[36m (0.2ms)[0m  [1mbegin transaction[0m
  [1m[35mUser Exists (0.2ms)[0m  SELECT  1 AS one FROM "users"  WHERE "users"."email" = 'ianfox41@gmail.com' LIMIT 1
Binary data inserted for `string` type on column `encrypted_password`
  [1m[36mSQL (1.0ms)[0m  [1mINSERT INTO "users" ("created_at", "email", "encrypted_password", "name", "updated_at") VALUES (?, ?, ?, ?, ?)[0m  [["created_at", "2016-04-01 12:13:06.527288"], ["email", "ianfox41@gmail.com"], ["encrypted_password", "$2a$10$orQl/2aeuC2846F1lHD3WO.WP17k9M9/3wXUfvmqNtV1RZiCoZ9Xi"], ["name", "ok"], ["updated_at", "2016-04-01 12:13:06.527288"]]
  [1m[35m (0.8ms)[0m  commit transaction
  [1m[36m (0.1ms)[0m  [1mbegin transaction[0m
Binary data inserted for `string` type on column `current_sign_in_ip`
Binary data inserted for `string` type on column `last_sign_in_ip`
  [1m[35mSQL (0.5ms)[0m  UPDATE "users" SET "current_sign_in_at" = ?, "current_sign_in_ip" = ?, "last_sign_in_at" = ?, "last_sign_in_ip" = ?, "sign_in_count" = ?, "updated_at" = ? WHERE "users"."id" = 1  [["current_sign_in_at", "2016-04-01 12:13:06.537009"], ["current_sign_in_ip", "127.0.0.1"], ["last_sign_in_at", "2016-04-01 12:13:06.537009"], ["last_sign_in_ip", "127.0.0.1"], ["sign_in_count", 1], ["updated_at", "2016-04-01 12:13:06.538613"]]
  [1m[36m (1.3ms)[0m  [1mcommit transaction[0m
Redirected to http://localhost:3000/
Completed 302 Found in 111ms (ActiveRecord: 4.1ms)


Started GET "/" for 127.0.0.1 at 2016-04-01 05:13:06 -0700
  [1m[35mUser Load (0.3ms)[0m  SELECT  "users".* FROM "users"  WHERE "users"."id" = 1  ORDER BY "users"."id" ASC LIMIT 1
Processing by UsersController#index as HTML
  [1m[36mUser Load (0.2ms)[0m  [1mSELECT "users".* FROM "users"  WHERE (NOT (id = 1))  ORDER BY created_at DESC[0m
  [1m[35m (0.6ms)[0m  SELECT COUNT(*) FROM "conversations"  WHERE (conversations.sender_id =1 OR conversations.recipient_id =1)
  Rendered users/index.html.erb within layouts/application (4.5ms)
  Rendered layouts/_nav.html.erb (1.1ms)
Completed 200 OK in 24ms (Views: 14.9ms | ActiveRecord: 1.2ms)


Started GET "/" for 127.0.0.1 at 2016-04-01 05:13:19 -0700
  [1m[36mUser Load (0.3ms)[0m  [1mSELECT  "users".* FROM "users"  WHERE "users"."id" = 1  ORDER BY "users"."id" ASC LIMIT 1[0m
Processing by UsersController#index as HTML
  [1m[35mUser Load (0.2ms)[0m  SELECT "users".* FROM "users"  WHERE (NOT (id = 1))  ORDER BY created_at DESC
  [1m[36m (0.1ms)[0m  [1mSELECT COUNT(*) FROM "conversations"  WHERE (conversations.sender_id =1 OR conversations.recipient_id =1)[0m
  Rendered users/index.html.erb within layouts/application (1.3ms)
  Rendered layouts/_nav.html.erb (0.5ms)
Completed 200 OK in 14ms (Views: 12.9ms | ActiveRecord: 0.3ms)


Started GET "/assets/jquery.js?body=1" for 127.0.0.1 at 2016-04-01 05:13:20 -0700


Started GET "/assets/jquery_ujs.js?body=1" for 127.0.0.1 at 2016-04-01 05:13:20 -0700


Started GET "/assets/bootstrap.min.js?body=1" for 127.0.0.1 at 2016-04-01 05:13:20 -0700


Started GET "/assets/private_pub.js?body=1" for 127.0.0.1 at 2016-04-01 05:13:20 -0700


Started GET "/assets/chat.js?body=1" for 127.0.0.1 at 2016-04-01 05:13:20 -0700


Started GET "/assets/turbolinks.js?body=1" for 127.0.0.1 at 2016-04-01 05:13:20 -0700


Started GET "/assets/conversations.js?body=1" for 127.0.0.1 at 2016-04-01 05:13:20 -0700


Started GET "/assets/messages.js?body=1" for 127.0.0.1 at 2016-04-01 05:13:20 -0700


Started GET "/assets/users.js?body=1" for 127.0.0.1 at 2016-04-01 05:13:20 -0700


Started GET "/assets/application.js?body=1" for 127.0.0.1 at 2016-04-01 05:13:20 -0700


Started GET "/" for 127.0.0.1 at 2016-04-01 05:13:36 -0700
  [1m[35mUser Load (0.3ms)[0m  SELECT  "users".* FROM "users"  WHERE "users"."id" = 1  ORDER BY "users"."id" ASC LIMIT 1
Processing by UsersController#index as HTML
  [1m[36mUser Load (0.2ms)[0m  [1mSELECT "users".* FROM "users"  WHERE (NOT (id = 1))  ORDER BY created_at DESC[0m
  [1m[35m (0.1ms)[0m  SELECT COUNT(*) FROM "conversations"  WHERE (conversations.sender_id =1 OR conversations.recipient_id =1)
  Rendered users/index.html.erb within layouts/application (1.2ms)
  Rendered layouts/_nav.html.erb (0.5ms)
Completed 200 OK in 10ms (Views: 9.2ms | ActiveRecord: 0.3ms)


Started GET "/assets/chat.css?body=1" for 127.0.0.1 at 2016-04-01 05:13:36 -0700


Started GET "/assets/conversations.css?body=1" for 127.0.0.1 at 2016-04-01 05:13:36 -0700


Started GET "/assets/messages.css?body=1" for 127.0.0.1 at 2016-04-01 05:13:36 -0700


Started GET "/assets/users.css?body=1" for 127.0.0.1 at 2016-04-01 05:13:36 -0700


Started GET "/assets/bootstrap.css?body=1" for 127.0.0.1 at 2016-04-01 05:13:36 -0700


Started GET "/assets/application.css?body=1" for 127.0.0.1 at 2016-04-01 05:13:36 -0700


Started GET "/assets/jquery.js?body=1" for 127.0.0.1 at 2016-04-01 05:13:36 -0700


Started GET "/assets/jquery_ujs.js?body=1" for 127.0.0.1 at 2016-04-01 05:13:36 -0700


Started GET "/assets/bootstrap.min.js?body=1" for 127.0.0.1 at 2016-04-01 05:13:36 -0700


Started GET "/assets/private_pub.js?body=1" for 127.0.0.1 at 2016-04-01 05:13:36 -0700


Started GET "/assets/chat.js?body=1" for 127.0.0.1 at 2016-04-01 05:13:36 -0700


Started GET "/assets/turbolinks.js?body=1" for 127.0.0.1 at 2016-04-01 05:13:36 -0700


Started GET "/assets/conversations.js?body=1" for 127.0.0.1 at 2016-04-01 05:13:36 -0700


Started GET "/assets/messages.js?body=1" for 127.0.0.1 at 2016-04-01 05:13:36 -0700


Started GET "/assets/users.js?body=1" for 127.0.0.1 at 2016-04-01 05:13:36 -0700


Started GET "/assets/application.js?body=1" for 127.0.0.1 at 2016-04-01 05:13:36 -0700


Started GET "/" for 127.0.0.1 at 2016-04-01 05:14:02 -0700
Processing by Devise::SessionsController#new as HTML
  Rendered devise/shared/_links.erb (1.4ms)
  Rendered devise/sessions/new.html.erb within layouts/application (14.0ms)
  Rendered layouts/_nav.html.erb (0.8ms)
Completed 200 OK in 49ms (Views: 37.7ms | ActiveRecord: 0.0ms)


Started GET "/assets/chat.css?body=1" for 127.0.0.1 at 2016-04-01 05:14:02 -0700


Started GET "/assets/conversations.css?body=1" for 127.0.0.1 at 2016-04-01 05:14:02 -0700


Started GET "/assets/messages.css?body=1" for 127.0.0.1 at 2016-04-01 05:14:02 -0700


Started GET "/assets/users.css?body=1" for 127.0.0.1 at 2016-04-01 05:14:02 -0700


Started GET "/assets/bootstrap.css?body=1" for 127.0.0.1 at 2016-04-01 05:14:02 -0700


Started GET "/assets/application.css?body=1" for 127.0.0.1 at 2016-04-01 05:14:02 -0700


Started GET "/assets/jquery.js?body=1" for 127.0.0.1 at 2016-04-01 05:14:03 -0700


Started GET "/assets/jquery_ujs.js?body=1" for 127.0.0.1 at 2016-04-01 05:14:03 -0700


Started GET "/assets/conversations.js?body=1" for 127.0.0.1 at 2016-04-01 05:14:03 -0700


Started GET "/assets/private_pub.js?body=1" for 127.0.0.1 at 2016-04-01 05:14:03 -0700


Started GET "/assets/bootstrap.min.js?body=1" for 127.0.0.1 at 2016-04-01 05:14:03 -0700


Started GET "/assets/turbolinks.js?body=1" for 127.0.0.1 at 2016-04-01 05:14:03 -0700


Started GET "/assets/chat.js?body=1" for 127.0.0.1 at 2016-04-01 05:14:03 -0700


Started GET "/assets/users.js?body=1" for 127.0.0.1 at 2016-04-01 05:14:03 -0700


Started GET "/assets/messages.js?body=1" for 127.0.0.1 at 2016-04-01 05:14:03 -0700


Started GET "/assets/application.js?body=1" for 127.0.0.1 at 2016-04-01 05:14:03 -0700


Started POST "/users/sign_in" for 127.0.0.1 at 2016-04-01 05:14:22 -0700
Processing by Devise::SessionsController#create as HTML
  Parameters: {"utf8"=>"✓", "authenticity_token"=>"+bgzk8UNuUvseoxWB58X8zYwnGf2OC1kOeAPXUQYLc0=", "user"=>{"email"=>"chattybot@example.com", "password"=>"[FILTERED]", "remember_me"=>"0"}, "commit"=>"Sign in"}
  [1m[36mUser Load (0.9ms)[0m  [1mSELECT  "users".* FROM "users"  WHERE "users"."email" = 'chattybot@example.com'  ORDER BY "users"."id" ASC LIMIT 1[0m
Completed 401 Unauthorized in 10ms
Processing by Devise::SessionsController#new as HTML
  Parameters: {"utf8"=>"✓", "authenticity_token"=>"+bgzk8UNuUvseoxWB58X8zYwnGf2OC1kOeAPXUQYLc0=", "user"=>{"email"=>"chattybot@example.com", "password"=>"[FILTERED]", "remember_me"=>"0"}, "commit"=>"Sign in"}
  Rendered devise/shared/_links.erb (0.5ms)
  Rendered devise/sessions/new.html.erb within layouts/application (4.0ms)
  Rendered layouts/_nav.html.erb (1.0ms)
Completed 200 OK in 218ms (Views: 128.3ms | ActiveRecord: 0.0ms)
  [1m[36mActiveRecord::SchemaMigration Load (0.1ms)[0m  [1mSELECT "schema_migrations".* FROM "schema_migrations"[0m
  [1m[35m (0.1ms)[0m  begin transaction
  [1m[36mUser Exists (0.2ms)[0m  [1mSELECT  1 AS one FROM "users"  WHERE "users"."email" = 'chattybot@example.com' LIMIT 1[0m
Binary data inserted for `string` type on column `encrypted_password`
  [1m[35mSQL (0.5ms)[0m  INSERT INTO "users" ("created_at", "email", "encrypted_password", "name", "updated_at") VALUES (?, ?, ?, ?, ?)  [["created_at", "2016-04-01 12:14:32.659655"], ["email", "chattybot@example.com"], ["encrypted_password", "$2a$10$7Upi.syOUmfFny.9b2SOSOFs5VsC17u.jxx8EK7mkkiwTZHZKBW6u"], ["name", "Chatty Bot"], ["updated_at", "2016-04-01 12:14:32.659655"]]
  [1m[36mConversation Exists (0.6ms)[0m  [1mSELECT  1 AS one FROM "conversations"  WHERE ("conversations"."sender_id" = 1 AND "conversations"."recipient_id" = 2) LIMIT 1[0m
  [1m[35mSQL (0.5ms)[0m  INSERT INTO "conversations" ("created_at", "recipient_id", "sender_id", "updated_at") VALUES (?, ?, ?, ?)  [["created_at", "2016-04-01 12:14:32.675715"], ["recipient_id", 2], ["sender_id", 1], ["updated_at", "2016-04-01 12:14:32.675715"]]
  [1m[36m (1.0ms)[0m  [1mcommit transaction[0m


Started POST "/users/sign_in" for 127.0.0.1 at 2016-04-01 05:14:36 -0700
Processing by Devise::SessionsController#create as HTML
  Parameters: {"utf8"=>"✓", "authenticity_token"=>"+bgzk8UNuUvseoxWB58X8zYwnGf2OC1kOeAPXUQYLc0=", "user"=>{"email"=>"chattybot@example.com", "password"=>"[FILTERED]", "remember_me"=>"0"}, "commit"=>"Sign in"}
  [1m[35mUser Load (0.3ms)[0m  SELECT  "users".* FROM "users"  WHERE "users"."email" = 'chattybot@example.com'  ORDER BY "users"."id" ASC LIMIT 1
  [1m[36m (0.1ms)[0m  [1mbegin transaction[0m
Binary data inserted for `string` type on column `current_sign_in_ip`
Binary data inserted for `string` type on column `last_sign_in_ip`
  [1m[35mSQL (0.6ms)[0m  UPDATE "users" SET "current_sign_in_at" = ?, "current_sign_in_ip" = ?, "last_sign_in_at" = ?, "last_sign_in_ip" = ?, "sign_in_count" = ?, "updated_at" = ? WHERE "users"."id" = 2  [["current_sign_in_at", "2016-04-01 12:14:36.481802"], ["current_sign_in_ip", "127.0.0.1"], ["last_sign_in_at", "2016-04-01 12:14:36.481802"], ["last_sign_in_ip", "127.0.0.1"], ["sign_in_count", 1], ["updated_at", "2016-04-01 12:14:36.482592"]]
  [1m[36m (2.1ms)[0m  [1mcommit transaction[0m
Redirected to http://localhost:3000/
Completed 302 Found in 98ms (ActiveRecord: 3.0ms)


Started GET "/" for 127.0.0.1 at 2016-04-01 05:14:36 -0700
  [1m[35mUser Load (0.3ms)[0m  SELECT  "users".* FROM "users"  WHERE "users"."id" = 2  ORDER BY "users"."id" ASC LIMIT 1
Processing by UsersController#index as HTML
  [1m[36mUser Load (0.4ms)[0m  [1mSELECT "users".* FROM "users"  WHERE (NOT (id = 2))  ORDER BY created_at DESC[0m
  [1m[35m (0.2ms)[0m  SELECT COUNT(*) FROM "conversations"  WHERE (conversations.sender_id =2 OR conversations.recipient_id =2)
  [1m[36mConversation Load (0.1ms)[0m  [1mSELECT "conversations".* FROM "conversations"  WHERE (conversations.sender_id =2 OR conversations.recipient_id =2)  ORDER BY created_at DESC[0m
  [1m[35mUser Load (0.4ms)[0m  SELECT  "users".* FROM "users"  WHERE "users"."id" = ? LIMIT 1  [["id", 2]]
  [1m[36mUser Load (0.2ms)[0m  [1mSELECT  "users".* FROM "users"  WHERE "users"."id" = ? LIMIT 1[0m  [["id", 1]]
  [1m[35mMessage Load (0.1ms)[0m  SELECT  "messages".* FROM "messages"  WHERE "messages"."conversation_id" = ?  ORDER BY "messages"."id" DESC LIMIT 1  [["conversation_id", 1]]
  Rendered users/index.html.erb within layouts/application (27.7ms)
  Rendered layouts/_nav.html.erb (0.7ms)
Completed 200 OK in 43ms (Views: 40.7ms | ActiveRecord: 1.8ms)


Started GET "/assets/jquery.js?body=1" for 127.0.0.1 at 2016-04-01 05:14:36 -0700


Started GET "/assets/turbolinks.js?body=1" for 127.0.0.1 at 2016-04-01 05:14:36 -0700


Started GET "/assets/jquery_ujs.js?body=1" for 127.0.0.1 at 2016-04-01 05:14:36 -0700


Started POST "/conversations" for 127.0.0.1 at 2016-04-01 05:14:38 -0700
Processing by ConversationsController#create as */*
  Parameters: {"sender_id"=>"2", "recipient_id"=>"1"}
  [1m[36mUser Load (0.3ms)[0m  [1mSELECT  "users".* FROM "users"  WHERE "users"."id" = 2  ORDER BY "users"."id" ASC LIMIT 1[0m
  [1m[35mConversation Load (0.2ms)[0m  SELECT "conversations".* FROM "conversations"  WHERE ((conversations.sender_id = '2' AND conversations.recipient_id ='1') OR (conversations.sender_id = '1' AND conversations.recipient_id ='2'))
  [1m[36mConversation Load (0.4ms)[0m  [1mSELECT  "conversations".* FROM "conversations"  WHERE ((conversations.sender_id = '2' AND conversations.recipient_id ='1') OR (conversations.sender_id = '1' AND conversations.recipient_id ='2'))  ORDER BY "conversations"."id" ASC LIMIT 1[0m
Completed 200 OK in 5ms (Views: 0.3ms | ActiveRecord: 0.9ms)


Started GET "/conversations/1" for 127.0.0.1 at 2016-04-01 05:14:38 -0700
Processing by ConversationsController#show as HTML
  Parameters: {"id"=>"1"}
  [1m[35mUser Load (0.2ms)[0m  SELECT  "users".* FROM "users"  WHERE "users"."id" = 2  ORDER BY "users"."id" ASC LIMIT 1
  [1m[36mConversation Load (0.2ms)[0m  [1mSELECT  "conversations".* FROM "conversations"  WHERE "conversations"."id" = ? LIMIT 1[0m  [["id", 1]]
  [1m[35mUser Load (0.1ms)[0m  SELECT  "users".* FROM "users"  WHERE "users"."id" = ? LIMIT 1  [["id", 2]]
  [1m[36mUser Load (0.1ms)[0m  [1mSELECT  "users".* FROM "users"  WHERE "users"."id" = ? LIMIT 1[0m  [["id", 1]]
  [1m[35mMessage Exists (0.2ms)[0m  SELECT  1 AS one FROM "messages"  WHERE "messages"."conversation_id" = ? LIMIT 1  [["conversation_id", 1]]
  Rendered conversations/show.html.erb (17.2ms)
Completed 200 OK in 28ms (Views: 22.4ms | ActiveRecord: 0.8ms)


Started POST "/conversations/1/messages" for 127.0.0.1 at 2016-04-01 05:14:43 -0700
Processing by MessagesController#create as JS
  Parameters: {"utf8"=>"✓", "message"=>{"body"=>"hi"}, "conversation_id"=>"1"}
  [1m[36mUser Load (0.3ms)[0m  [1mSELECT  "users".* FROM "users"  WHERE "users"."id" = 2  ORDER BY "users"."id" ASC LIMIT 1[0m
  [1m[35mConversation Load (0.1ms)[0m  SELECT  "conversations".* FROM "conversations"  WHERE "conversations"."id" = ? LIMIT 1  [["id", 1]]
  [1m[36m (0.1ms)[0m  [1mbegin transaction[0m
  [1m[35mSQL (0.5ms)[0m  INSERT INTO "messages" ("body", "conversation_id", "created_at", "updated_at", "user_id") VALUES (?, ?, ?, ?, ?)  [["body", "hi"], ["conversation_id", 1], ["created_at", "2016-04-01 12:14:43.714493"], ["updated_at", "2016-04-01 12:14:43.714493"], ["user_id", 2]]
  [1m[36m (0.8ms)[0m  [1mcommit transaction[0m
  [1m[35mUser Load (0.2ms)[0m  SELECT  "users".* FROM "users"  WHERE "users"."id" = ? LIMIT 1  [["id", 2]]
  [1m[36mUser Load (0.1ms)[0m  [1mSELECT  "users".* FROM "users"  WHERE "users"."id" = ? LIMIT 1[0m  [["id", 1]]
  [1m[35mCACHE (0.0ms)[0m  SELECT  "users".* FROM "users"  WHERE "users"."id" = ? LIMIT 1  [["id", 2]]
  Rendered messages/_message.html.erb (2.8ms)
  Rendered messages/create.js.erb (19.1ms)
Completed 500 Internal Server Error in 36ms

ActionView::Template::Error (Connection refused - connect(2)):
    1: <% publish_to @path do %>
    2:     var id = "<%= @conversation.id %>";
    3:     var chatbox = $("#chatbox_" + id + " .chatboxcontent");
    4:     var sender_id = "<%= @message.user.id %>";
  app/views/messages/create.js.erb:1:in `_app_views_messages_create_js_erb__1946673129746204026_70147295515260'


  Rendered /Library/Ruby/Gems/2.0.0/gems/actionpack-4.1.1/lib/action_dispatch/middleware/templates/rescues/_trace.text.erb (0.7ms)
  Rendered /Library/Ruby/Gems/2.0.0/gems/actionpack-4.1.1/lib/action_dispatch/middleware/templates/rescues/_request_and_response.text.erb (1.0ms)
  Rendered /Library/Ruby/Gems/2.0.0/gems/actionpack-4.1.1/lib/action_dispatch/middleware/templates/rescues/template_error.text.erb (13.9ms)


Started POST "/conversations/1/messages" for 127.0.0.1 at 2016-04-01 05:15:00 -0700
Processing by MessagesController#create as JS
  Parameters: {"utf8"=>"✓", "message"=>{"body"=>"ho"}, "conversation_id"=>"1"}
  [1m[36mUser Load (0.3ms)[0m  [1mSELECT  "users".* FROM "users"  WHERE "users"."id" = 2  ORDER BY "users"."id" ASC LIMIT 1[0m
  [1m[35mConversation Load (0.1ms)[0m  SELECT  "conversations".* FROM "conversations"  WHERE "conversations"."id" = ? LIMIT 1  [["id", 1]]
  [1m[36m (0.1ms)[0m  [1mbegin transaction[0m
  [1m[35mSQL (0.3ms)[0m  INSERT INTO "messages" ("body", "conversation_id", "created_at", "updated_at", "user_id") VALUES (?, ?, ?, ?, ?)  [["body", "ho"], ["conversation_id", 1], ["created_at", "2016-04-01 12:15:00.922884"], ["updated_at", "2016-04-01 12:15:00.922884"], ["user_id", 2]]
  [1m[36m (0.8ms)[0m  [1mcommit transaction[0m
  [1m[35mUser Load (0.1ms)[0m  SELECT  "users".* FROM "users"  WHERE "users"."id" = ? LIMIT 1  [["id", 2]]
  [1m[36mUser Load (0.1ms)[0m  [1mSELECT  "users".* FROM "users"  WHERE "users"."id" = ? LIMIT 1[0m  [["id", 1]]
  [1m[35mCACHE (0.0ms)[0m  SELECT  "users".* FROM "users"  WHERE "users"."id" = ? LIMIT 1  [["id", 2]]
  Rendered messages/_message.html.erb (1.5ms)
  Rendered messages/create.js.erb (11.6ms)
Completed 500 Internal Server Error in 27ms

ActionView::Template::Error (Connection refused - connect(2)):
    1: <% publish_to @path do %>
    2:     var id = "<%= @conversation.id %>";
    3:     var chatbox = $("#chatbox_" + id + " .chatboxcontent");
    4:     var sender_id = "<%= @message.user.id %>";
  app/views/messages/create.js.erb:1:in `_app_views_messages_create_js_erb__1946673129746204026_70147295515260'


  Rendered /Library/Ruby/Gems/2.0.0/gems/actionpack-4.1.1/lib/action_dispatch/middleware/templates/rescues/_trace.text.erb (0.6ms)
  Rendered /Library/Ruby/Gems/2.0.0/gems/actionpack-4.1.1/lib/action_dispatch/middleware/templates/rescues/_request_and_response.text.erb (0.8ms)
  Rendered /Library/Ruby/Gems/2.0.0/gems/actionpack-4.1.1/lib/action_dispatch/middleware/templates/rescues/template_error.text.erb (11.7ms)


Started POST "/conversations/1/messages" for 127.0.0.1 at 2016-04-01 05:15:30 -0700
Processing by MessagesController#create as JS
  Parameters: {"utf8"=>"✓", "message"=>{"body"=>"ok"}, "conversation_id"=>"1"}
  [1m[36mUser Load (0.3ms)[0m  [1mSELECT  "users".* FROM "users"  WHERE "users"."id" = 2  ORDER BY "users"."id" ASC LIMIT 1[0m
  [1m[35mConversation Load (0.1ms)[0m  SELECT  "conversations".* FROM "conversations"  WHERE "conversations"."id" = ? LIMIT 1  [["id", 1]]
  [1m[36m (0.1ms)[0m  [1mbegin transaction[0m
  [1m[35mSQL (0.4ms)[0m  INSERT INTO "messages" ("body", "conversation_id", "created_at", "updated_at", "user_id") VALUES (?, ?, ?, ?, ?)  [["body", "ok"], ["conversation_id", 1], ["created_at", "2016-04-01 12:15:30.903674"], ["updated_at", "2016-04-01 12:15:30.903674"], ["user_id", 2]]
  [1m[36m (0.6ms)[0m  [1mcommit transaction[0m
  [1m[35mUser Load (0.1ms)[0m  SELECT  "users".* FROM "users"  WHERE "users"."id" = ? LIMIT 1  [["id", 2]]
  [1m[36mUser Load (0.2ms)[0m  [1mSELECT  "users".* FROM "users"  WHERE "users"."id" = ? LIMIT 1[0m  [["id", 1]]
  [1m[35mCACHE (0.0ms)[0m  SELECT  "users".* FROM "users"  WHERE "users"."id" = ? LIMIT 1  [["id", 2]]
  Rendered messages/_message.html.erb (2.5ms)
  Rendered messages/create.js.erb (95.1ms)
Completed 200 OK in 109ms (Views: 101.0ms | ActiveRecord: 1.8ms)


Started GET "/" for 127.0.0.1 at 2016-04-01 05:15:46 -0700
  [1m[36mUser Load (0.2ms)[0m  [1mSELECT  "users".* FROM "users"  WHERE "users"."id" = 1  ORDER BY "users"."id" ASC LIMIT 1[0m
Processing by UsersController#index as HTML
  [1m[35mUser Load (0.3ms)[0m  SELECT "users".* FROM "users"  WHERE (NOT (id = 1))  ORDER BY created_at DESC
  [1m[36m (0.2ms)[0m  [1mSELECT COUNT(*) FROM "conversations"  WHERE (conversations.sender_id =1 OR conversations.recipient_id =1)[0m
  [1m[35mConversation Load (0.1ms)[0m  SELECT "conversations".* FROM "conversations"  WHERE (conversations.sender_id =1 OR conversations.recipient_id =1)  ORDER BY created_at DESC
  [1m[36mUser Load (0.1ms)[0m  [1mSELECT  "users".* FROM "users"  WHERE "users"."id" = ? LIMIT 1[0m  [["id", 2]]
  [1m[35mMessage Load (0.1ms)[0m  SELECT  "messages".* FROM "messages"  WHERE "messages"."conversation_id" = ?  ORDER BY "messages"."id" DESC LIMIT 1  [["conversation_id", 1]]
  [1m[36mCACHE (0.0ms)[0m  [1mSELECT  "messages".* FROM "messages"  WHERE "messages"."conversation_id" = ?  ORDER BY "messages"."id" DESC LIMIT 1[0m  [["conversation_id", 1]]
  Rendered users/index.html.erb within layouts/application (5.5ms)
  Rendered layouts/_nav.html.erb (0.6ms)
Completed 200 OK in 17ms (Views: 15.3ms | ActiveRecord: 0.8ms)


Started GET "/assets/chat.css?body=1" for 127.0.0.1 at 2016-04-01 05:15:47 -0700


Started GET "/assets/conversations.css?body=1" for 127.0.0.1 at 2016-04-01 05:15:47 -0700


Started GET "/assets/messages.css?body=1" for 127.0.0.1 at 2016-04-01 05:15:47 -0700


Started GET "/assets/users.css?body=1" for 127.0.0.1 at 2016-04-01 05:15:47 -0700


Started GET "/assets/bootstrap.css?body=1" for 127.0.0.1 at 2016-04-01 05:15:47 -0700


Started GET "/assets/application.css?body=1" for 127.0.0.1 at 2016-04-01 05:15:47 -0700


Started GET "/assets/jquery.js?body=1" for 127.0.0.1 at 2016-04-01 05:15:47 -0700


Started GET "/assets/jquery_ujs.js?body=1" for 127.0.0.1 at 2016-04-01 05:15:47 -0700


Started GET "/assets/bootstrap.min.js?body=1" for 127.0.0.1 at 2016-04-01 05:15:47 -0700


Started GET "/assets/private_pub.js?body=1" for 127.0.0.1 at 2016-04-01 05:15:47 -0700


Started GET "/assets/chat.js?body=1" for 127.0.0.1 at 2016-04-01 05:15:47 -0700


Started GET "/assets/turbolinks.js?body=1" for 127.0.0.1 at 2016-04-01 05:15:47 -0700


Started GET "/assets/conversations.js?body=1" for 127.0.0.1 at 2016-04-01 05:15:47 -0700


Started GET "/assets/messages.js?body=1" for 127.0.0.1 at 2016-04-01 05:15:47 -0700


Started GET "/assets/users.js?body=1" for 127.0.0.1 at 2016-04-01 05:15:47 -0700


Started GET "/assets/application.js?body=1" for 127.0.0.1 at 2016-04-01 05:15:47 -0700


Started POST "/conversations" for 127.0.0.1 at 2016-04-01 05:15:50 -0700
Processing by ConversationsController#create as */*
  Parameters: {"sender_id"=>"1", "recipient_id"=>"2"}
  [1m[35mUser Load (0.3ms)[0m  SELECT  "users".* FROM "users"  WHERE "users"."id" = 1  ORDER BY "users"."id" ASC LIMIT 1
  [1m[36mConversation Load (0.2ms)[0m  [1mSELECT "conversations".* FROM "conversations"  WHERE ((conversations.sender_id = '1' AND conversations.recipient_id ='2') OR (conversations.sender_id = '2' AND conversations.recipient_id ='1'))[0m
  [1m[35mConversation Load (0.3ms)[0m  SELECT  "conversations".* FROM "conversations"  WHERE ((conversations.sender_id = '1' AND conversations.recipient_id ='2') OR (conversations.sender_id = '2' AND conversations.recipient_id ='1'))  ORDER BY "conversations"."id" ASC LIMIT 1
Completed 200 OK in 5ms (Views: 0.2ms | ActiveRecord: 0.8ms)


Started GET "/conversations/1" for 127.0.0.1 at 2016-04-01 05:15:50 -0700
Processing by ConversationsController#show as HTML
  Parameters: {"id"=>"1"}
  [1m[36mUser Load (0.3ms)[0m  [1mSELECT  "users".* FROM "users"  WHERE "users"."id" = 1  ORDER BY "users"."id" ASC LIMIT 1[0m
  [1m[35mConversation Load (0.2ms)[0m  SELECT  "conversations".* FROM "conversations"  WHERE "conversations"."id" = ? LIMIT 1  [["id", 1]]
  [1m[36mUser Load (0.1ms)[0m  [1mSELECT  "users".* FROM "users"  WHERE "users"."id" = ? LIMIT 1[0m  [["id", 2]]
  [1m[35mMessage Exists (0.2ms)[0m  SELECT  1 AS one FROM "messages"  WHERE "messages"."conversation_id" = ? LIMIT 1  [["conversation_id", 1]]
  [1m[36mMessage Load (0.3ms)[0m  [1mSELECT "messages".* FROM "messages"  WHERE "messages"."conversation_id" = ?[0m  [["conversation_id", 1]]
  [1m[35mCACHE (0.0ms)[0m  SELECT  "users".* FROM "users"  WHERE "users"."id" = ? LIMIT 1  [["id", 2]]
  [1m[36mUser Load (0.1ms)[0m  [1mSELECT  "users".* FROM "users"  WHERE "users"."id" = ? LIMIT 1[0m  [["id", 1]]
  [1m[35mCACHE (0.0ms)[0m  SELECT  "users".* FROM "users"  WHERE "users"."id" = ? LIMIT 1  [["id", 2]]
  [1m[36mCACHE (0.0ms)[0m  [1mSELECT  "users".* FROM "users"  WHERE "users"."id" = ? LIMIT 1[0m  [["id", 2]]
  Rendered messages/_message.html.erb (4.7ms)
  Rendered conversations/show.html.erb (13.8ms)
Completed 200 OK in 123ms (Views: 117.5ms | ActiveRecord: 1.3ms)


Started POST "/conversations/1/messages" for 127.0.0.1 at 2016-04-01 05:15:53 -0700
Processing by MessagesController#create as JS
  Parameters: {"utf8"=>"✓", "message"=>{"body"=>"hey"}, "conversation_id"=>"1"}
  [1m[35mUser Load (0.2ms)[0m  SELECT  "users".* FROM "users"  WHERE "users"."id" = 1  ORDER BY "users"."id" ASC LIMIT 1
  [1m[36mConversation Load (0.1ms)[0m  [1mSELECT  "conversations".* FROM "conversations"  WHERE "conversations"."id" = ? LIMIT 1[0m  [["id", 1]]
  [1m[35m (0.2ms)[0m  begin transaction
  [1m[36mSQL (0.9ms)[0m  [1mINSERT INTO "messages" ("body", "conversation_id", "created_at", "updated_at", "user_id") VALUES (?, ?, ?, ?, ?)[0m  [["body", "hey"], ["conversation_id", 1], ["created_at", "2016-04-01 12:15:53.638828"], ["updated_at", "2016-04-01 12:15:53.638828"], ["user_id", 1]]
  [1m[35m (1.5ms)[0m  commit transaction
  [1m[36mUser Load (0.1ms)[0m  [1mSELECT  "users".* FROM "users"  WHERE "users"."id" = ? LIMIT 1[0m  [["id", 1]]
  [1m[35mCACHE (0.0ms)[0m  SELECT  "users".* FROM "users"  WHERE "users"."id" = ? LIMIT 1  [["id", 1]]
  Rendered messages/_message.html.erb (1.2ms)
  Rendered messages/create.js.erb (48.0ms)
Completed 200 OK in 65ms (Views: 53.9ms | ActiveRecord: 3.0ms)


Started POST "/conversations/1/messages" for 127.0.0.1 at 2016-04-01 05:16:38 -0700
Processing by MessagesController#create as JS
  Parameters: {"utf8"=>"✓", "message"=>{"body"=>"uh"}, "conversation_id"=>"1"}
  [1m[36mUser Load (0.2ms)[0m  [1mSELECT  "users".* FROM "users"  WHERE "users"."id" = 2  ORDER BY "users"."id" ASC LIMIT 1[0m
  [1m[35mConversation Load (0.1ms)[0m  SELECT  "conversations".* FROM "conversations"  WHERE "conversations"."id" = ? LIMIT 1  [["id", 1]]
  [1m[36m (0.1ms)[0m  [1mbegin transaction[0m
  [1m[35mSQL (0.4ms)[0m  INSERT INTO "messages" ("body", "conversation_id", "created_at", "updated_at", "user_id") VALUES (?, ?, ?, ?, ?)  [["body", "uh"], ["conversation_id", 1], ["created_at", "2016-04-01 12:16:38.930790"], ["updated_at", "2016-04-01 12:16:38.930790"], ["user_id", 2]]
  [1m[36m (0.6ms)[0m  [1mcommit transaction[0m
  [1m[35mUser Load (0.1ms)[0m  SELECT  "users".* FROM "users"  WHERE "users"."id" = ? LIMIT 1  [["id", 2]]
  [1m[36mUser Load (0.2ms)[0m  [1mSELECT  "users".* FROM "users"  WHERE "users"."id" = ? LIMIT 1[0m  [["id", 1]]
  [1m[35mCACHE (0.0ms)[0m  SELECT  "users".* FROM "users"  WHERE "users"."id" = ? LIMIT 1  [["id", 2]]
  Rendered messages/_message.html.erb (2.1ms)
  Rendered messages/create.js.erb (41.6ms)
Completed 200 OK in 53ms (Views: 47.0ms | ActiveRecord: 1.7ms)


Started POST "/conversations/1/messages" for 127.0.0.1 at 2016-04-01 05:16:47 -0700
Processing by MessagesController#create as JS
  Parameters: {"utf8"=>"✓", "message"=>{"body"=>"yo"}, "conversation_id"=>"1"}
  [1m[36mUser Load (0.3ms)[0m  [1mSELECT  "users".* FROM "users"  WHERE "users"."id" = 2  ORDER BY "users"."id" ASC LIMIT 1[0m
  [1m[35mConversation Load (0.1ms)[0m  SELECT  "conversations".* FROM "conversations"  WHERE "conversations"."id" = ? LIMIT 1  [["id", 1]]
  [1m[36m (0.1ms)[0m  [1mbegin transaction[0m
  [1m[35mSQL (0.3ms)[0m  INSERT INTO "messages" ("body", "conversation_id", "created_at", "updated_at", "user_id") VALUES (?, ?, ?, ?, ?)  [["body", "yo"], ["conversation_id", 1], ["created_at", "2016-04-01 12:16:47.228775"], ["updated_at", "2016-04-01 12:16:47.228775"], ["user_id", 2]]
  [1m[36m (2.2ms)[0m  [1mcommit transaction[0m
  [1m[35mUser Load (0.3ms)[0m  SELECT  "users".* FROM "users"  WHERE "users"."id" = ? LIMIT 1  [["id", 2]]
  [1m[36mUser Load (0.1ms)[0m  [1mSELECT  "users".* FROM "users"  WHERE "users"."id" = ? LIMIT 1[0m  [["id", 1]]
  [1m[35mCACHE (0.0ms)[0m  SELECT  "users".* FROM "users"  WHERE "users"."id" = ? LIMIT 1  [["id", 2]]
  Rendered messages/_message.html.erb (1.6ms)
  Rendered messages/create.js.erb (55.6ms)
Completed 200 OK in 70ms (Views: 61.7ms | ActiveRecord: 3.5ms)


Started GET "/assets/chat.css?body=1" for 127.0.0.1 at 2016-04-01 05:23:17 -0700


Started GET "/assets/conversations.css?body=1" for 127.0.0.1 at 2016-04-01 05:23:17 -0700


Started GET "/assets/messages.css?body=1" for 127.0.0.1 at 2016-04-01 05:23:18 -0700


Started GET "/assets/users.css?body=1" for 127.0.0.1 at 2016-04-01 05:23:18 -0700


Started GET "/assets/bootstrap.css?body=1" for 127.0.0.1 at 2016-04-01 05:23:18 -0700


Started GET "/assets/application.css?body=1" for 127.0.0.1 at 2016-04-01 05:23:18 -0700


Started GET "/assets/jquery.js?body=1" for 127.0.0.1 at 2016-04-01 05:23:18 -0700


Started GET "/assets/jquery_ujs.js?body=1" for 127.0.0.1 at 2016-04-01 05:23:18 -0700


Started GET "/assets/bootstrap.min.js?body=1" for 127.0.0.1 at 2016-04-01 05:23:18 -0700


Started GET "/assets/private_pub.js?body=1" for 127.0.0.1 at 2016-04-01 05:23:18 -0700


Started GET "/assets/chat.js?body=1" for 127.0.0.1 at 2016-04-01 05:23:18 -0700


Started GET "/assets/turbolinks.js?body=1" for 127.0.0.1 at 2016-04-01 05:23:18 -0700


Started GET "/assets/conversations.js?body=1" for 127.0.0.1 at 2016-04-01 05:23:18 -0700


Started GET "/assets/messages.js?body=1" for 127.0.0.1 at 2016-04-01 05:23:18 -0700


Started GET "/assets/users.js?body=1" for 127.0.0.1 at 2016-04-01 05:23:18 -0700


Started GET "/assets/application.js?body=1" for 127.0.0.1 at 2016-04-01 05:23:18 -0700


Started GET "/assets/chat.css?body=1" for 127.0.0.1 at 2016-04-01 05:23:18 -0700


Started GET "/assets/conversations.css?body=1" for 127.0.0.1 at 2016-04-01 05:23:18 -0700


Started GET "/assets/messages.css?body=1" for 127.0.0.1 at 2016-04-01 05:23:18 -0700


Started GET "/assets/users.css?body=1" for 127.0.0.1 at 2016-04-01 05:23:18 -0700


Started GET "/assets/bootstrap.css?body=1" for 127.0.0.1 at 2016-04-01 05:23:18 -0700


Started GET "/assets/application.css?body=1" for 127.0.0.1 at 2016-04-01 05:23:18 -0700


Started GET "/assets/jquery.js?body=1" for 127.0.0.1 at 2016-04-01 05:23:18 -0700


Started GET "/assets/jquery_ujs.js?body=1" for 127.0.0.1 at 2016-04-01 05:23:18 -0700


Started GET "/assets/bootstrap.min.js?body=1" for 127.0.0.1 at 2016-04-01 05:23:18 -0700


Started GET "/assets/private_pub.js?body=1" for 127.0.0.1 at 2016-04-01 05:23:18 -0700


Started GET "/assets/chat.js?body=1" for 127.0.0.1 at 2016-04-01 05:23:18 -0700


Started GET "/assets/turbolinks.js?body=1" for 127.0.0.1 at 2016-04-01 05:23:18 -0700


Started GET "/assets/conversations.js?body=1" for 127.0.0.1 at 2016-04-01 05:23:18 -0700


Started GET "/assets/messages.js?body=1" for 127.0.0.1 at 2016-04-01 05:23:18 -0700


Started GET "/assets/users.js?body=1" for 127.0.0.1 at 2016-04-01 05:23:18 -0700


Started GET "/assets/application.js?body=1" for 127.0.0.1 at 2016-04-01 05:23:18 -0700
  [1m[36mActiveRecord::SchemaMigration Load (0.1ms)[0m  [1mSELECT "schema_migrations".* FROM "schema_migrations"[0m
  [1m[35mActiveRecord::SchemaMigration Load (0.1ms)[0m  SELECT "schema_migrations".* FROM "schema_migrations"
  [1m[36m (0.1ms)[0m  [1m            SELECT sql
            FROM sqlite_master
            WHERE name='index_conversations_on_recipient_id' AND type='index'
            UNION ALL
            SELECT sql
            FROM sqlite_temp_master
            WHERE name='index_conversations_on_recipient_id' AND type='index'
[0m
  [1m[35m (0.1ms)[0m              SELECT sql
            FROM sqlite_master
            WHERE name='index_conversations_on_sender_id' AND type='index'
            UNION ALL
            SELECT sql
            FROM sqlite_temp_master
            WHERE name='index_conversations_on_sender_id' AND type='index'

  [1m[36m (0.1ms)[0m  [1m            SELECT sql
            FROM sqlite_master
            WHERE name='index_messages_on_user_id' AND type='index'
            UNION ALL
            SELECT sql
            FROM sqlite_temp_master
            WHERE name='index_messages_on_user_id' AND type='index'
[0m
  [1m[35m (0.1ms)[0m              SELECT sql
            FROM sqlite_master
            WHERE name='index_messages_on_conversation_id' AND type='index'
            UNION ALL
            SELECT sql
            FROM sqlite_temp_master
            WHERE name='index_messages_on_conversation_id' AND type='index'

  [1m[36m (0.1ms)[0m  [1m            SELECT sql
            FROM sqlite_master
            WHERE name='index_users_on_reset_password_token' AND type='index'
            UNION ALL
            SELECT sql
            FROM sqlite_temp_master
            WHERE name='index_users_on_reset_password_token' AND type='index'
[0m
  [1m[35m (0.1ms)[0m              SELECT sql
            FROM sqlite_master
            WHERE name='index_users_on_email' AND type='index'
            UNION ALL
            SELECT sql
            FROM sqlite_temp_master
            WHERE name='index_users_on_email' AND type='index'

  [1m[36mActiveRecord::SchemaMigration Load (0.1ms)[0m  [1mSELECT "schema_migrations".* FROM "schema_migrations"[0m
  [1m[35m (0.1ms)[0m  begin transaction
  [1m[36mUser Exists (0.3ms)[0m  [1mSELECT  1 AS one FROM "users"  WHERE "users"."email" = 'chattybot@example.com' LIMIT 1[0m
  [1m[35m (0.1ms)[0m  rollback transaction


Started GET "/" for 127.0.0.1 at 2016-04-01 05:32:48 -0700
  [1m[36mUser Load (0.3ms)[0m  [1mSELECT  "users".* FROM "users"  WHERE "users"."id" = 1  ORDER BY "users"."id" ASC LIMIT 1[0m
Processing by UsersController#index as HTML
  [1m[35mUser Load (0.3ms)[0m  SELECT "users".* FROM "users"  WHERE (NOT (id = 1))  ORDER BY created_at DESC
  [1m[36m (0.1ms)[0m  [1mSELECT COUNT(*) FROM "conversations"  WHERE (conversations.sender_id =1 OR conversations.recipient_id =1)[0m
  [1m[35mConversation Load (0.1ms)[0m  SELECT "conversations".* FROM "conversations"  WHERE (conversations.sender_id =1 OR conversations.recipient_id =1)  ORDER BY created_at DESC
  [1m[36mUser Load (0.2ms)[0m  [1mSELECT  "users".* FROM "users"  WHERE "users"."id" = ? LIMIT 1[0m  [["id", 2]]
  [1m[35mMessage Load (0.2ms)[0m  SELECT  "messages".* FROM "messages"  WHERE "messages"."conversation_id" = ?  ORDER BY "messages"."id" DESC LIMIT 1  [["conversation_id", 1]]
  [1m[36mCACHE (0.0ms)[0m  [1mSELECT  "messages".* FROM "messages"  WHERE "messages"."conversation_id" = ?  ORDER BY "messages"."id" DESC LIMIT 1[0m  [["conversation_id", 1]]
  Rendered users/index.html.erb within layouts/application (19.6ms)
  Rendered layouts/_nav.html.erb (1.8ms)
Completed 200 OK in 43ms (Views: 31.8ms | ActiveRecord: 1.6ms)


Started POST "/conversations" for 127.0.0.1 at 2016-04-01 05:32:50 -0700
Processing by ConversationsController#create as */*
  Parameters: {"sender_id"=>"1", "recipient_id"=>"2"}
  [1m[35mUser Load (0.3ms)[0m  SELECT  "users".* FROM "users"  WHERE "users"."id" = 1  ORDER BY "users"."id" ASC LIMIT 1
  [1m[36mConversation Load (0.2ms)[0m  [1mSELECT "conversations".* FROM "conversations"  WHERE ((conversations.sender_id = '1' AND conversations.recipient_id ='2') OR (conversations.sender_id = '2' AND conversations.recipient_id ='1'))[0m
  [1m[35mConversation Load (0.2ms)[0m  SELECT  "conversations".* FROM "conversations"  WHERE ((conversations.sender_id = '1' AND conversations.recipient_id ='2') OR (conversations.sender_id = '2' AND conversations.recipient_id ='1'))  ORDER BY "conversations"."id" ASC LIMIT 1
Completed 200 OK in 4ms (Views: 0.2ms | ActiveRecord: 0.7ms)


Started GET "/conversations/1" for 127.0.0.1 at 2016-04-01 05:32:50 -0700
Processing by ConversationsController#show as HTML
  Parameters: {"id"=>"1"}
  [1m[36mUser Load (0.2ms)[0m  [1mSELECT  "users".* FROM "users"  WHERE "users"."id" = 1  ORDER BY "users"."id" ASC LIMIT 1[0m
  [1m[35mConversation Load (0.1ms)[0m  SELECT  "conversations".* FROM "conversations"  WHERE "conversations"."id" = ? LIMIT 1  [["id", 1]]
  [1m[36mUser Load (0.1ms)[0m  [1mSELECT  "users".* FROM "users"  WHERE "users"."id" = ? LIMIT 1[0m  [["id", 2]]
  [1m[35mMessage Exists (0.2ms)[0m  SELECT  1 AS one FROM "messages"  WHERE "messages"."conversation_id" = ? LIMIT 1  [["conversation_id", 1]]
  [1m[36mMessage Load (0.2ms)[0m  [1mSELECT "messages".* FROM "messages"  WHERE "messages"."conversation_id" = ?[0m  [["conversation_id", 1]]
  [1m[35mCACHE (0.0ms)[0m  SELECT  "users".* FROM "users"  WHERE "users"."id" = ? LIMIT 1  [["id", 2]]
  [1m[36mUser Load (0.1ms)[0m  [1mSELECT  "users".* FROM "users"  WHERE "users"."id" = ? LIMIT 1[0m  [["id", 1]]
  [1m[35mCACHE (0.0ms)[0m  SELECT  "users".* FROM "users"  WHERE "users"."id" = ? LIMIT 1  [["id", 2]]
  [1m[36mCACHE (0.0ms)[0m  [1mSELECT  "users".* FROM "users"  WHERE "users"."id" = ? LIMIT 1[0m  [["id", 2]]
  [1m[35mCACHE (0.0ms)[0m  SELECT  "users".* FROM "users"  WHERE "users"."id" = ? LIMIT 1  [["id", 1]]
  [1m[36mCACHE (0.0ms)[0m  [1mSELECT  "users".* FROM "users"  WHERE "users"."id" = ? LIMIT 1[0m  [["id", 2]]
  [1m[35mCACHE (0.0ms)[0m  SELECT  "users".* FROM "users"  WHERE "users"."id" = ? LIMIT 1  [["id", 2]]
  Rendered messages/_message.html.erb (9.0ms)
  Rendered conversations/show.html.erb (25.0ms)
Completed 200 OK in 34ms (Views: 29.3ms | ActiveRecord: 1.1ms)


Started POST "/conversations/1/messages" for 127.0.0.1 at 2016-04-01 05:32:53 -0700
Processing by MessagesController#create as JS
  Parameters: {"utf8"=>"✓", "message"=>{"body"=>"hi"}, "conversation_id"=>"1"}
  [1m[36mUser Load (0.2ms)[0m  [1mSELECT  "users".* FROM "users"  WHERE "users"."id" = 1  ORDER BY "users"."id" ASC LIMIT 1[0m
  [1m[35mConversation Load (0.1ms)[0m  SELECT  "conversations".* FROM "conversations"  WHERE "conversations"."id" = ? LIMIT 1  [["id", 1]]
  [1m[36m (0.1ms)[0m  [1mbegin transaction[0m
  [1m[35mSQL (0.3ms)[0m  INSERT INTO "messages" ("body", "conversation_id", "created_at", "updated_at", "user_id") VALUES (?, ?, ?, ?, ?)  [["body", "hi"], ["conversation_id", 1], ["created_at", "2016-04-01 12:32:53.163921"], ["updated_at", "2016-04-01 12:32:53.163921"], ["user_id", 1]]
  [1m[36m (0.8ms)[0m  [1mcommit transaction[0m
  [1m[35mUser Load (0.1ms)[0m  SELECT  "users".* FROM "users"  WHERE "users"."id" = ? LIMIT 1  [["id", 1]]
  [1m[36mCACHE (0.0ms)[0m  [1mSELECT  "users".* FROM "users"  WHERE "users"."id" = ? LIMIT 1[0m  [["id", 1]]
  Rendered messages/_message.html.erb (1.0ms)
  Rendered messages/create.js.erb (49.6ms)
Completed 200 OK in 64ms (Views: 56.7ms | ActiveRecord: 1.7ms)


Started POST "/conversations/1/messages" for 127.0.0.1 at 2016-04-01 05:32:57 -0700
Processing by MessagesController#create as JS
  Parameters: {"utf8"=>"✓", "message"=>{"body"=>"hows its"}, "conversation_id"=>"1"}
  [1m[35mUser Load (0.2ms)[0m  SELECT  "users".* FROM "users"  WHERE "users"."id" = 1  ORDER BY "users"."id" ASC LIMIT 1
  [1m[36mConversation Load (0.1ms)[0m  [1mSELECT  "conversations".* FROM "conversations"  WHERE "conversations"."id" = ? LIMIT 1[0m  [["id", 1]]
  [1m[35m (0.1ms)[0m  begin transaction
  [1m[36mSQL (0.3ms)[0m  [1mINSERT INTO "messages" ("body", "conversation_id", "created_at", "updated_at", "user_id") VALUES (?, ?, ?, ?, ?)[0m  [["body", "hows its"], ["conversation_id", 1], ["created_at", "2016-04-01 12:32:57.113726"], ["updated_at", "2016-04-01 12:32:57.113726"], ["user_id", 1]]
  [1m[35m (2.8ms)[0m  commit transaction
  [1m[36mUser Load (0.1ms)[0m  [1mSELECT  "users".* FROM "users"  WHERE "users"."id" = ? LIMIT 1[0m  [["id", 1]]
  [1m[35mCACHE (0.0ms)[0m  SELECT  "users".* FROM "users"  WHERE "users"."id" = ? LIMIT 1  [["id", 1]]
  Rendered messages/_message.html.erb (1.2ms)
  Rendered messages/create.js.erb (9.3ms)
Completed 200 OK in 23ms (Views: 14.5ms | ActiveRecord: 3.6ms)


Started GET "/" for 127.0.0.1 at 2016-04-01 05:33:06 -0700
  [1m[36mUser Load (0.2ms)[0m  [1mSELECT  "users".* FROM "users"  WHERE "users"."id" = 2  ORDER BY "users"."id" ASC LIMIT 1[0m
Processing by UsersController#index as HTML
  [1m[35mUser Load (0.3ms)[0m  SELECT "users".* FROM "users"  WHERE (NOT (id = 2))  ORDER BY created_at DESC
  [1m[36m (0.2ms)[0m  [1mSELECT COUNT(*) FROM "conversations"  WHERE (conversations.sender_id =2 OR conversations.recipient_id =2)[0m
  [1m[35mConversation Load (0.2ms)[0m  SELECT "conversations".* FROM "conversations"  WHERE (conversations.sender_id =2 OR conversations.recipient_id =2)  ORDER BY created_at DESC
  [1m[36mUser Load (0.2ms)[0m  [1mSELECT  "users".* FROM "users"  WHERE "users"."id" = ? LIMIT 1[0m  [["id", 2]]
  [1m[35mUser Load (0.2ms)[0m  SELECT  "users".* FROM "users"  WHERE "users"."id" = ? LIMIT 1  [["id", 1]]
  [1m[36mMessage Load (0.2ms)[0m  [1mSELECT  "messages".* FROM "messages"  WHERE "messages"."conversation_id" = ?  ORDER BY "messages"."id" DESC LIMIT 1[0m  [["conversation_id", 1]]
  [1m[35mCACHE (0.0ms)[0m  SELECT  "messages".* FROM "messages"  WHERE "messages"."conversation_id" = ?  ORDER BY "messages"."id" DESC LIMIT 1  [["conversation_id", 1]]
  Rendered users/index.html.erb within layouts/application (8.4ms)
  Rendered layouts/_nav.html.erb (0.6ms)
Completed 200 OK in 20ms (Views: 17.7ms | ActiveRecord: 1.3ms)


Started GET "/assets/jquery.js?body=1" for 127.0.0.1 at 2016-04-01 05:33:06 -0700


Started GET "/assets/jquery_ujs.js?body=1" for 127.0.0.1 at 2016-04-01 05:33:06 -0700


Started GET "/assets/turbolinks.js?body=1" for 127.0.0.1 at 2016-04-01 05:33:06 -0700


Started GET "/assets/private_pub.js?body=1" for 127.0.0.1 at 2016-04-01 05:33:06 -0700


Started POST "/conversations" for 127.0.0.1 at 2016-04-01 05:33:11 -0700
Processing by ConversationsController#create as */*
  Parameters: {"sender_id"=>"2", "recipient_id"=>"1"}
  [1m[36mUser Load (0.3ms)[0m  [1mSELECT  "users".* FROM "users"  WHERE "users"."id" = 2  ORDER BY "users"."id" ASC LIMIT 1[0m
  [1m[35mConversation Load (0.7ms)[0m  SELECT "conversations".* FROM "conversations"  WHERE ((conversations.sender_id = '2' AND conversations.recipient_id ='1') OR (conversations.sender_id = '1' AND conversations.recipient_id ='2'))
  [1m[36mConversation Load (0.3ms)[0m  [1mSELECT  "conversations".* FROM "conversations"  WHERE ((conversations.sender_id = '2' AND conversations.recipient_id ='1') OR (conversations.sender_id = '1' AND conversations.recipient_id ='2'))  ORDER BY "conversations"."id" ASC LIMIT 1[0m
Completed 200 OK in 6ms (Views: 0.2ms | ActiveRecord: 1.2ms)


Started GET "/conversations/1" for 127.0.0.1 at 2016-04-01 05:33:12 -0700
Processing by ConversationsController#show as HTML
  Parameters: {"id"=>"1"}
  [1m[35mUser Load (0.2ms)[0m  SELECT  "users".* FROM "users"  WHERE "users"."id" = 2  ORDER BY "users"."id" ASC LIMIT 1
  [1m[36mConversation Load (0.1ms)[0m  [1mSELECT  "conversations".* FROM "conversations"  WHERE "conversations"."id" = ? LIMIT 1[0m  [["id", 1]]
  [1m[35mUser Load (0.1ms)[0m  SELECT  "users".* FROM "users"  WHERE "users"."id" = ? LIMIT 1  [["id", 2]]
  [1m[36mUser Load (0.1ms)[0m  [1mSELECT  "users".* FROM "users"  WHERE "users"."id" = ? LIMIT 1[0m  [["id", 1]]
  [1m[35mMessage Exists (0.1ms)[0m  SELECT  1 AS one FROM "messages"  WHERE "messages"."conversation_id" = ? LIMIT 1  [["conversation_id", 1]]
  [1m[36mMessage Load (0.2ms)[0m  [1mSELECT "messages".* FROM "messages"  WHERE "messages"."conversation_id" = ?[0m  [["conversation_id", 1]]
  [1m[35mCACHE (0.0ms)[0m  SELECT  "users".* FROM "users"  WHERE "users"."id" = ? LIMIT 1  [["id", 2]]
  [1m[36mCACHE (0.0ms)[0m  [1mSELECT  "users".* FROM "users"  WHERE "users"."id" = ? LIMIT 1[0m  [["id", 2]]
  [1m[35mCACHE (0.0ms)[0m  SELECT  "users".* FROM "users"  WHERE "users"."id" = ? LIMIT 1  [["id", 2]]
  [1m[36mCACHE (0.0ms)[0m  [1mSELECT  "users".* FROM "users"  WHERE "users"."id" = ? LIMIT 1[0m  [["id", 1]]
  [1m[35mCACHE (0.0ms)[0m  SELECT  "users".* FROM "users"  WHERE "users"."id" = ? LIMIT 1  [["id", 2]]
  [1m[36mCACHE (0.0ms)[0m  [1mSELECT  "users".* FROM "users"  WHERE "users"."id" = ? LIMIT 1[0m  [["id", 2]]
  [1m[35mCACHE (0.0ms)[0m  SELECT  "users".* FROM "users"  WHERE "users"."id" = ? LIMIT 1  [["id", 1]]
  [1m[36mCACHE (0.0ms)[0m  [1mSELECT  "users".* FROM "users"  WHERE "users"."id" = ? LIMIT 1[0m  [["id", 1]]
  Rendered messages/_message.html.erb (6.3ms)
  Rendered conversations/show.html.erb (13.7ms)
Completed 200 OK in 21ms (Views: 17.1ms | ActiveRecord: 0.9ms)


Started POST "/conversations/1/messages" for 127.0.0.1 at 2016-04-01 05:33:15 -0700
Processing by MessagesController#create as JS
  Parameters: {"utf8"=>"✓", "message"=>{"body"=>"good"}, "conversation_id"=>"1"}
  [1m[35mUser Load (0.2ms)[0m  SELECT  "users".* FROM "users"  WHERE "users"."id" = 2  ORDER BY "users"."id" ASC LIMIT 1
  [1m[36mConversation Load (0.1ms)[0m  [1mSELECT  "conversations".* FROM "conversations"  WHERE "conversations"."id" = ? LIMIT 1[0m  [["id", 1]]
  [1m[35m (0.1ms)[0m  begin transaction
  [1m[36mSQL (0.3ms)[0m  [1mINSERT INTO "messages" ("body", "conversation_id", "created_at", "updated_at", "user_id") VALUES (?, ?, ?, ?, ?)[0m  [["body", "good"], ["conversation_id", 1], ["created_at", "2016-04-01 12:33:15.230599"], ["updated_at", "2016-04-01 12:33:15.230599"], ["user_id", 2]]
  [1m[35m (0.9ms)[0m  commit transaction
  [1m[36mUser Load (0.1ms)[0m  [1mSELECT  "users".* FROM "users"  WHERE "users"."id" = ? LIMIT 1[0m  [["id", 2]]
  [1m[35mUser Load (0.2ms)[0m  SELECT  "users".* FROM "users"  WHERE "users"."id" = ? LIMIT 1  [["id", 1]]
  [1m[36mCACHE (0.0ms)[0m  [1mSELECT  "users".* FROM "users"  WHERE "users"."id" = ? LIMIT 1[0m  [["id", 2]]
  Rendered messages/_message.html.erb (2.6ms)
  Rendered messages/create.js.erb (10.4ms)
Completed 200 OK in 21ms (Views: 15.5ms | ActiveRecord: 1.8ms)


Started POST "/conversations/1/messages" for 127.0.0.1 at 2016-04-01 05:33:20 -0700
Processing by MessagesController#create as JS
  Parameters: {"utf8"=>"✓", "message"=>{"body"=>"dope"}, "conversation_id"=>"1"}
  [1m[35mUser Load (0.2ms)[0m  SELECT  "users".* FROM "users"  WHERE "users"."id" = 2  ORDER BY "users"."id" ASC LIMIT 1
  [1m[36mConversation Load (0.1ms)[0m  [1mSELECT  "conversations".* FROM "conversations"  WHERE "conversations"."id" = ? LIMIT 1[0m  [["id", 1]]
  [1m[35m (0.1ms)[0m  begin transaction
  [1m[36mSQL (0.3ms)[0m  [1mINSERT INTO "messages" ("body", "conversation_id", "created_at", "updated_at", "user_id") VALUES (?, ?, ?, ?, ?)[0m  [["body", "dope"], ["conversation_id", 1], ["created_at", "2016-04-01 12:33:20.628455"], ["updated_at", "2016-04-01 12:33:20.628455"], ["user_id", 2]]
  [1m[35m (0.8ms)[0m  commit transaction
  [1m[36mUser Load (0.1ms)[0m  [1mSELECT  "users".* FROM "users"  WHERE "users"."id" = ? LIMIT 1[0m  [["id", 2]]
  [1m[35mUser Load (0.2ms)[0m  SELECT  "users".* FROM "users"  WHERE "users"."id" = ? LIMIT 1  [["id", 1]]
  [1m[36mCACHE (0.0ms)[0m  [1mSELECT  "users".* FROM "users"  WHERE "users"."id" = ? LIMIT 1[0m  [["id", 2]]
  Rendered messages/_message.html.erb (2.5ms)
  Rendered messages/create.js.erb (10.2ms)
Completed 200 OK in 21ms (Views: 15.3ms | ActiveRecord: 1.7ms)


Started POST "/conversations/1/messages" for 127.0.0.1 at 2016-04-01 05:33:59 -0700
Processing by MessagesController#create as JS
  Parameters: {"utf8"=>"✓", "message"=>{"body"=>"dope"}, "conversation_id"=>"1"}
  [1m[35mUser Load (0.2ms)[0m  SELECT  "users".* FROM "users"  WHERE "users"."id" = 2  ORDER BY "users"."id" ASC LIMIT 1
  [1m[36mConversation Load (0.1ms)[0m  [1mSELECT  "conversations".* FROM "conversations"  WHERE "conversations"."id" = ? LIMIT 1[0m  [["id", 1]]
  [1m[35m (0.1ms)[0m  begin transaction
  [1m[36mSQL (0.3ms)[0m  [1mINSERT INTO "messages" ("body", "conversation_id", "created_at", "updated_at", "user_id") VALUES (?, ?, ?, ?, ?)[0m  [["body", "dope"], ["conversation_id", 1], ["created_at", "2016-04-01 12:33:59.804622"], ["updated_at", "2016-04-01 12:33:59.804622"], ["user_id", 2]]
  [1m[35m (0.8ms)[0m  commit transaction
  [1m[36mUser Load (0.1ms)[0m  [1mSELECT  "users".* FROM "users"  WHERE "users"."id" = ? LIMIT 1[0m  [["id", 2]]
  [1m[35mUser Load (0.1ms)[0m  SELECT  "users".* FROM "users"  WHERE "users"."id" = ? LIMIT 1  [["id", 1]]
  [1m[36mCACHE (0.0ms)[0m  [1mSELECT  "users".* FROM "users"  WHERE "users"."id" = ? LIMIT 1[0m  [["id", 2]]
  Rendered messages/_message.html.erb (1.8ms)
  Rendered messages/create.js.erb (9.3ms)
Completed 200 OK in 20ms (Views: 14.5ms | ActiveRecord: 1.7ms)


Started POST "/conversations/1/messages" for 127.0.0.1 at 2016-04-01 05:34:01 -0700
Processing by MessagesController#create as JS
  Parameters: {"utf8"=>"✓", "message"=>{"body"=>"osfdjglk"}, "conversation_id"=>"1"}
  [1m[35mUser Load (0.2ms)[0m  SELECT  "users".* FROM "users"  WHERE "users"."id" = 2  ORDER BY "users"."id" ASC LIMIT 1
  [1m[36mConversation Load (0.1ms)[0m  [1mSELECT  "conversations".* FROM "conversations"  WHERE "conversations"."id" = ? LIMIT 1[0m  [["id", 1]]
  [1m[35m (0.1ms)[0m  begin transaction
  [1m[36mSQL (0.5ms)[0m  [1mINSERT INTO "messages" ("body", "conversation_id", "created_at", "updated_at", "user_id") VALUES (?, ?, ?, ?, ?)[0m  [["body", "osfdjglk"], ["conversation_id", 1], ["created_at", "2016-04-01 12:34:01.514211"], ["updated_at", "2016-04-01 12:34:01.514211"], ["user_id", 2]]
  [1m[35m (2.6ms)[0m  commit transaction
  [1m[36mUser Load (0.1ms)[0m  [1mSELECT  "users".* FROM "users"  WHERE "users"."id" = ? LIMIT 1[0m  [["id", 2]]
  [1m[35mUser Load (0.1ms)[0m  SELECT  "users".* FROM "users"  WHERE "users"."id" = ? LIMIT 1  [["id", 1]]
  [1m[36mCACHE (0.0ms)[0m  [1mSELECT  "users".* FROM "users"  WHERE "users"."id" = ? LIMIT 1[0m  [["id", 2]]
  Rendered messages/_message.html.erb (1.5ms)
  Rendered messages/create.js.erb (9.0ms)
Completed 200 OK in 22ms (Views: 13.9ms | ActiveRecord: 3.7ms)


Started POST "/conversations/1/messages" for 127.0.0.1 at 2016-04-01 05:34:02 -0700
Processing by MessagesController#create as JS
  Parameters: {"utf8"=>"✓", "message"=>{"body"=>"jdsflkgdls;"}, "conversation_id"=>"1"}
  [1m[35mUser Load (0.2ms)[0m  SELECT  "users".* FROM "users"  WHERE "users"."id" = 2  ORDER BY "users"."id" ASC LIMIT 1
  [1m[36mConversation Load (0.1ms)[0m  [1mSELECT  "conversations".* FROM "conversations"  WHERE "conversations"."id" = ? LIMIT 1[0m  [["id", 1]]
  [1m[35m (0.1ms)[0m  begin transaction
  [1m[36mSQL (0.4ms)[0m  [1mINSERT INTO "messages" ("body", "conversation_id", "created_at", "updated_at", "user_id") VALUES (?, ?, ?, ?, ?)[0m  [["body", "jdsflkgdls;"], ["conversation_id", 1], ["created_at", "2016-04-01 12:34:02.833861"], ["updated_at", "2016-04-01 12:34:02.833861"], ["user_id", 2]]
  [1m[35m (2.2ms)[0m  commit transaction
  [1m[36mUser Load (0.1ms)[0m  [1mSELECT  "users".* FROM "users"  WHERE "users"."id" = ? LIMIT 1[0m  [["id", 2]]
  [1m[35mUser Load (0.1ms)[0m  SELECT  "users".* FROM "users"  WHERE "users"."id" = ? LIMIT 1  [["id", 1]]
  [1m[36mCACHE (0.0ms)[0m  [1mSELECT  "users".* FROM "users"  WHERE "users"."id" = ? LIMIT 1[0m  [["id", 2]]
  Rendered messages/_message.html.erb (1.6ms)
  Rendered messages/create.js.erb (9.1ms)
Completed 200 OK in 22ms (Views: 13.7ms | ActiveRecord: 3.3ms)


Started POST "/conversations/1/messages" for 127.0.0.1 at 2016-04-01 05:34:06 -0700
Processing by MessagesController#create as JS
  Parameters: {"utf8"=>"✓", "message"=>{"body"=>"ksfjdhg"}, "conversation_id"=>"1"}
  [1m[35mUser Load (0.2ms)[0m  SELECT  "users".* FROM "users"  WHERE "users"."id" = 1  ORDER BY "users"."id" ASC LIMIT 1
  [1m[36mConversation Load (0.1ms)[0m  [1mSELECT  "conversations".* FROM "conversations"  WHERE "conversations"."id" = ? LIMIT 1[0m  [["id", 1]]
  [1m[35m (0.1ms)[0m  begin transaction
  [1m[36mSQL (0.3ms)[0m  [1mINSERT INTO "messages" ("body", "conversation_id", "created_at", "updated_at", "user_id") VALUES (?, ?, ?, ?, ?)[0m  [["body", "ksfjdhg"], ["conversation_id", 1], ["created_at", "2016-04-01 12:34:06.081039"], ["updated_at", "2016-04-01 12:34:06.081039"], ["user_id", 1]]
  [1m[35m (2.6ms)[0m  commit transaction
  [1m[36mUser Load (0.1ms)[0m  [1mSELECT  "users".* FROM "users"  WHERE "users"."id" = ? LIMIT 1[0m  [["id", 1]]
  [1m[35mCACHE (0.1ms)[0m  SELECT  "users".* FROM "users"  WHERE "users"."id" = ? LIMIT 1  [["id", 1]]
  Rendered messages/_message.html.erb (1.6ms)
  Rendered messages/create.js.erb (9.2ms)
Completed 200 OK in 22ms (Views: 14.1ms | ActiveRecord: 3.4ms)


Started POST "/conversations/1/messages" for 127.0.0.1 at 2016-04-01 05:34:07 -0700
Processing by MessagesController#create as JS
  Parameters: {"utf8"=>"✓", "message"=>{"body"=>"skglfdh"}, "conversation_id"=>"1"}
  [1m[36mUser Load (0.3ms)[0m  [1mSELECT  "users".* FROM "users"  WHERE "users"."id" = 1  ORDER BY "users"."id" ASC LIMIT 1[0m
  [1m[35mConversation Load (0.1ms)[0m  SELECT  "conversations".* FROM "conversations"  WHERE "conversations"."id" = ? LIMIT 1  [["id", 1]]
  [1m[36m (0.1ms)[0m  [1mbegin transaction[0m
  [1m[35mSQL (0.5ms)[0m  INSERT INTO "messages" ("body", "conversation_id", "created_at", "updated_at", "user_id") VALUES (?, ?, ?, ?, ?)  [["body", "skglfdh"], ["conversation_id", 1], ["created_at", "2016-04-01 12:34:07.916676"], ["updated_at", "2016-04-01 12:34:07.916676"], ["user_id", 1]]
  [1m[36m (0.8ms)[0m  [1mcommit transaction[0m
  [1m[35mUser Load (0.1ms)[0m  SELECT  "users".* FROM "users"  WHERE "users"."id" = ? LIMIT 1  [["id", 1]]
  [1m[36mCACHE (0.0ms)[0m  [1mSELECT  "users".* FROM "users"  WHERE "users"."id" = ? LIMIT 1[0m  [["id", 1]]
  Rendered messages/_message.html.erb (1.7ms)
  Rendered messages/create.js.erb (51.7ms)
Completed 200 OK in 93ms (Views: 56.6ms | ActiveRecord: 1.8ms)


Started POST "/conversations/1/messages" for 127.0.0.1 at 2016-04-01 05:34:09 -0700
Processing by MessagesController#create as JS
  Parameters: {"utf8"=>"✓", "message"=>{"body"=>"sdjfkhg"}, "conversation_id"=>"1"}
  [1m[35mUser Load (0.2ms)[0m  SELECT  "users".* FROM "users"  WHERE "users"."id" = 1  ORDER BY "users"."id" ASC LIMIT 1
  [1m[36mConversation Load (0.1ms)[0m  [1mSELECT  "conversations".* FROM "conversations"  WHERE "conversations"."id" = ? LIMIT 1[0m  [["id", 1]]
  [1m[35m (0.1ms)[0m  begin transaction
  [1m[36mSQL (0.3ms)[0m  [1mINSERT INTO "messages" ("body", "conversation_id", "created_at", "updated_at", "user_id") VALUES (?, ?, ?, ?, ?)[0m  [["body", "sdjfkhg"], ["conversation_id", 1], ["created_at", "2016-04-01 12:34:09.609240"], ["updated_at", "2016-04-01 12:34:09.609240"], ["user_id", 1]]
  [1m[35m (2.6ms)[0m  commit transaction
  [1m[36mUser Load (0.2ms)[0m  [1mSELECT  "users".* FROM "users"  WHERE "users"."id" = ? LIMIT 1[0m  [["id", 1]]
  [1m[35mCACHE (0.0ms)[0m  SELECT  "users".* FROM "users"  WHERE "users"."id" = ? LIMIT 1  [["id", 1]]
  Rendered messages/_message.html.erb (1.0ms)
  Rendered messages/create.js.erb (10.9ms)
Completed 200 OK in 24ms (Views: 15.8ms | ActiveRecord: 3.4ms)


Started GET "/" for 127.0.0.1 at 2016-04-01 23:27:40 -0700
  [1m[36mUser Load (3.2ms)[0m  [1mSELECT  "users".* FROM "users"  WHERE "users"."id" = 1  ORDER BY "users"."id" ASC LIMIT 1[0m
Processing by UsersController#index as HTML
  [1m[35mUser Load (0.9ms)[0m  SELECT "users".* FROM "users"  WHERE (NOT (id = 1))  ORDER BY created_at DESC
  [1m[36m (0.3ms)[0m  [1mSELECT COUNT(*) FROM "conversations"  WHERE (conversations.sender_id =1 OR conversations.recipient_id =1)[0m
  [1m[35mConversation Load (0.2ms)[0m  SELECT "conversations".* FROM "conversations"  WHERE (conversations.sender_id =1 OR conversations.recipient_id =1)  ORDER BY created_at DESC
  [1m[36mUser Load (0.3ms)[0m  [1mSELECT  "users".* FROM "users"  WHERE "users"."id" = ? LIMIT 1[0m  [["id", 2]]
  [1m[35mMessage Load (0.2ms)[0m  SELECT  "messages".* FROM "messages"  WHERE "messages"."conversation_id" = ?  ORDER BY "messages"."id" DESC LIMIT 1  [["conversation_id", 1]]
  [1m[36mCACHE (0.0ms)[0m  [1mSELECT  "messages".* FROM "messages"  WHERE "messages"."conversation_id" = ?  ORDER BY "messages"."id" DESC LIMIT 1[0m  [["conversation_id", 1]]
  Rendered users/index.html.erb within layouts/application (19.6ms)
  Rendered layouts/_nav.html.erb (2.6ms)
Completed 200 OK in 54ms (Views: 46.5ms | ActiveRecord: 1.9ms)


Started GET "/assets/chat.css?body=1" for 127.0.0.1 at 2016-04-01 23:27:40 -0700


Started GET "/assets/conversations.css?body=1" for 127.0.0.1 at 2016-04-01 23:27:40 -0700


Started GET "/assets/messages.css?body=1" for 127.0.0.1 at 2016-04-01 23:27:40 -0700


Started GET "/assets/users.css?body=1" for 127.0.0.1 at 2016-04-01 23:27:40 -0700


Started GET "/assets/bootstrap.css?body=1" for 127.0.0.1 at 2016-04-01 23:27:40 -0700


Started GET "/assets/application.css?body=1" for 127.0.0.1 at 2016-04-01 23:27:40 -0700


Started GET "/assets/jquery.js?body=1" for 127.0.0.1 at 2016-04-01 23:27:40 -0700


Started GET "/assets/jquery_ujs.js?body=1" for 127.0.0.1 at 2016-04-01 23:27:40 -0700


Started GET "/assets/bootstrap.min.js?body=1" for 127.0.0.1 at 2016-04-01 23:27:40 -0700


Started GET "/assets/private_pub.js?body=1" for 127.0.0.1 at 2016-04-01 23:27:40 -0700


Started GET "/assets/chat.js?body=1" for 127.0.0.1 at 2016-04-01 23:27:40 -0700


Started GET "/assets/turbolinks.js?body=1" for 127.0.0.1 at 2016-04-01 23:27:40 -0700


Started GET "/assets/conversations.js?body=1" for 127.0.0.1 at 2016-04-01 23:27:40 -0700


Started GET "/assets/messages.js?body=1" for 127.0.0.1 at 2016-04-01 23:27:40 -0700


Started GET "/assets/users.js?body=1" for 127.0.0.1 at 2016-04-01 23:27:40 -0700


Started GET "/assets/application.js?body=1" for 127.0.0.1 at 2016-04-01 23:27:40 -0700


Started GET "/" for 127.0.0.1 at 2016-04-01 23:27:46 -0700
  [1m[35mUser Load (0.2ms)[0m  SELECT  "users".* FROM "users"  WHERE "users"."id" = 1  ORDER BY "users"."id" ASC LIMIT 1
Processing by UsersController#index as HTML
  [1m[36mUser Load (0.2ms)[0m  [1mSELECT "users".* FROM "users"  WHERE (NOT (id = 1))  ORDER BY created_at DESC[0m
  [1m[35m (0.2ms)[0m  SELECT COUNT(*) FROM "conversations"  WHERE (conversations.sender_id =1 OR conversations.recipient_id =1)
  [1m[36mConversation Load (0.2ms)[0m  [1mSELECT "conversations".* FROM "conversations"  WHERE (conversations.sender_id =1 OR conversations.recipient_id =1)  ORDER BY created_at DESC[0m
  [1m[35mUser Load (0.1ms)[0m  SELECT  "users".* FROM "users"  WHERE "users"."id" = ? LIMIT 1  [["id", 2]]
  [1m[36mMessage Load (0.1ms)[0m  [1mSELECT  "messages".* FROM "messages"  WHERE "messages"."conversation_id" = ?  ORDER BY "messages"."id" DESC LIMIT 1[0m  [["conversation_id", 1]]
  [1m[35mCACHE (0.0ms)[0m  SELECT  "messages".* FROM "messages"  WHERE "messages"."conversation_id" = ?  ORDER BY "messages"."id" DESC LIMIT 1  [["conversation_id", 1]]
  Rendered users/index.html.erb within layouts/application (5.8ms)
  Rendered layouts/_nav.html.erb (0.5ms)
Completed 200 OK in 15ms (Views: 13.9ms | ActiveRecord: 0.8ms)
